<testsuites id="" name="" tests="14" failures="0" skipped="14" errors="0" time="0.09354299999999989">
<testsuite name="aerostrat.spec.js" timestamp="2026-03-24T20:25:17.685Z" hostname="chromium" tests="12" failures="0" skipped="12" time="0" errors="0">
<testcase name="backend API health endpoint returns ok status" classname="aerostrat.spec.js" time="0">
<skipped>
</skipped>
</testcase>
<testcase name="page loads without fatal JS console errors" classname="aerostrat.spec.js" time="0">
<skipped>
</skipped>
</testcase>
<testcase name="Leaflet map container is visible after load" classname="aerostrat.spec.js" time="0">
<skipped>
</skipped>
</testcase>
<testcase name="aircraft icons appear on canvas within 10s of page load" classname="aerostrat.spec.js" time="0">
<skipped>
</skipped>
</testcase>
<testcase name="clicking aircraft on map opens sidebar with flight details" classname="aerostrat.spec.js" time="0">
<skipped>
</skipped>
</testcase>
<testcase name="search bar is present, accepts input, and shows results" classname="aerostrat.spec.js" time="0">
<skipped>
</skipped>
</testcase>
<testcase name="WebSocket-based data delivery is active (AERO-SYNC mode)" classname="aerostrat.spec.js" time="0">
<skipped>
</skipped>
</testcase>
<testcase name="no 4xx or 5xx errors on critical API calls during normal operation" classname="aerostrat.spec.js" time="0">
<skipped>
</skipped>
</testcase>
<testcase name="UI layout has no broken or zero-dimension critical elements" classname="aerostrat.spec.js" time="0">
<skipped>
</skipped>
</testcase>
<testcase name="aircraft count is displayed in UI and shows live data" classname="aerostrat.spec.js" time="0">
<skipped>
</skipped>
</testcase>
<testcase name="planes bbox API returns aircraft data with correct parameters" classname="aerostrat.spec.js" time="0">
<skipped>
</skipped>
</testcase>
<testcase name="full user flow: page loads, aircraft appear, map is interactive" classname="aerostrat.spec.js" time="0">
<skipped>
</skipped>
</testcase>
</testsuite>
<testsuite name="trail_investigation.spec.js" timestamp="2026-03-24T20:25:17.685Z" hostname="chromium" tests="1" failures="0" skipped="1" time="0" errors="0">
<testcase name="Flight Trail Investigation › capture trail rendering at multiple zoom levels" classname="trail_investigation.spec.js" time="0">
<skipped>
</skipped>
</testcase>
</testsuite>
<testsuite name="trail_investigation2.spec.js" timestamp="2026-03-24T20:25:17.685Z" hostname="chromium" tests="1" failures="0" skipped="1" time="0" errors="0">
<testcase name="Flight Trail Deep Investigation › click aircraft and observe trail rendering" classname="trail_investigation2.spec.js" time="0">
<skipped>
</skipped>
</testcase>
</testsuite>
</testsuites>